2024-10-16 02:03:51,440 - INFO - User database created.
2024-10-16 02:03:51,440 - DEBUG - Registration process initiated for username: swap
2024-10-16 02:03:55,524 - DEBUG - Keypair for user 'swap' saved to swap_keys.json.
2024-10-16 02:03:55,524 - DEBUG - New Paillier keypair generated for user 'swap'.
2024-10-16 02:03:55,524 - DEBUG - User database saved.
2024-10-16 02:03:55,524 - INFO - User 'swap' registered successfully with hashed password and public key.
2024-10-16 02:03:55,524 - INFO - Exiting program.
2024-10-16 02:05:04,447 - DEBUG - Login process initiated for username: swap
2024-10-16 02:05:04,447 - INFO - User 'swap' found in database.
2024-10-16 02:05:04,587 - DEBUG - Keypair for user 'swap' loaded from swap_keys.json.
2024-10-16 02:05:04,588 - DEBUG - Challenge generated by server: 5875
2024-10-16 02:05:05,095 - DEBUG - Challenge encrypted using user public key.
2024-10-16 02:05:05,095 - DEBUG - User 'swap' decrypting challenge.
2024-10-16 02:05:05,233 - DEBUG - Challenge decrypted by user: 5875
2024-10-16 02:05:06,258 - DEBUG - Challenge and hashed password encrypted by user 'swap'.
2024-10-16 02:05:06,259 - DEBUG - Response encrypted by user with server's public key.
2024-10-16 02:05:06,399 - DEBUG - Server decrypted the response: 75263518707598184987916378021939673586055614731957507592904438851787542401494
2024-10-16 02:05:06,399 - INFO - Login successful for user: swap
2024-10-16 02:05:06,399 - INFO - User 'swap' logged in successfully.
2024-10-16 02:05:06,399 - INFO - Exiting program.
2024-10-16 17:37:21,738 - DEBUG - Registration process initiated for username: pri
2024-10-16 17:37:26,409 - DEBUG - Keypair for user 'pri' saved to pri_keys.json.
2024-10-16 17:37:26,409 - DEBUG - New Paillier keypair generated for user 'pri'.
2024-10-16 17:37:26,410 - DEBUG - User database saved.
2024-10-16 17:37:26,410 - INFO - User 'pri' registered successfully with hashed password and public key.
2024-10-16 17:37:26,411 - INFO - Exiting program.
2024-10-16 17:38:17,515 - DEBUG - Registration process initiated for username: pri
2024-10-16 17:38:17,515 - ERROR - Registration failed: Username 'pri' is already taken.
2024-10-16 17:38:17,515 - INFO - Exiting program.
2024-10-16 17:38:37,852 - DEBUG - Login process initiated for username: pri
2024-10-16 17:38:37,852 - INFO - User 'pri' found in database.
2024-10-16 17:38:37,992 - DEBUG - Keypair for user 'pri' loaded from pri_keys.json.
2024-10-16 17:38:37,992 - DEBUG - Challenge generated by server: 7823
2024-10-16 17:38:38,516 - DEBUG - Challenge encrypted using user public key.
2024-10-16 17:38:38,516 - DEBUG - User 'pri' decrypting challenge.
2024-10-16 17:38:38,655 - DEBUG - Challenge decrypted by user: 7823
2024-10-16 17:38:39,688 - DEBUG - Challenge and hashed password encrypted by user 'pri'.
2024-10-16 17:38:39,688 - DEBUG - Response encrypted by user with server's public key.
2024-10-16 17:38:39,829 - DEBUG - Server decrypted the response: 1661548902539077689835780616605042428580731493960493799641588268547596379523
2024-10-16 17:38:39,829 - ERROR - Login failed for user: pri
2024-10-16 17:38:39,829 - ERROR - Login failed for user 'pri'. Incorrect password or challenge response.
2024-10-16 17:38:39,829 - INFO - Exiting program.
2024-10-16 17:39:07,943 - DEBUG - Registration process initiated for username: pri0
2024-10-16 17:39:09,081 - DEBUG - Keypair for user 'pri0' saved to pri0_keys.json.
2024-10-16 17:39:09,082 - DEBUG - New Paillier keypair generated for user 'pri0'.
2024-10-16 17:39:09,082 - DEBUG - User database saved.
2024-10-16 17:39:09,082 - INFO - User 'pri0' registered successfully with hashed password and public key.
2024-10-16 17:39:09,082 - INFO - Exiting program.
2024-10-16 17:39:25,878 - DEBUG - Login process initiated for username: pri0
2024-10-16 17:39:25,878 - INFO - User 'pri0' found in database.
2024-10-16 17:39:26,021 - DEBUG - Keypair for user 'pri0' loaded from pri0_keys.json.
2024-10-16 17:39:26,022 - DEBUG - Challenge generated by server: 1702
2024-10-16 17:39:26,532 - DEBUG - Challenge encrypted using user public key.
2024-10-16 17:39:26,532 - DEBUG - User 'pri0' decrypting challenge.
2024-10-16 17:39:26,673 - DEBUG - Challenge decrypted by user: 1702
2024-10-16 17:39:27,691 - DEBUG - Challenge and hashed password encrypted by user 'pri0'.
2024-10-16 17:39:27,691 - DEBUG - Response encrypted by user with server's public key.
2024-10-16 17:39:27,833 - DEBUG - Server decrypted the response: 24371568745490566540059029532883364849340025926540752790377894909812878743089
2024-10-16 17:39:27,833 - INFO - Login successful for user: pri0
2024-10-16 17:39:27,833 - INFO - User 'pri0' logged in successfully.
2024-10-16 17:39:27,833 - INFO - Exiting program.
2024-10-16 21:48:36,988 - DEBUG - Registration process initiated for username: sur
2024-10-16 21:48:49,091 - DEBUG - Keypair for user 'sur' saved to sur_keys.json.
2024-10-16 21:48:49,092 - DEBUG - New Paillier keypair generated for user 'sur'.
2024-10-16 21:48:49,092 - DEBUG - User database saved.
2024-10-16 21:48:49,092 - INFO - User 'sur' registered successfully with hashed password and public key.
2024-10-16 21:48:49,092 - INFO - Exiting program.
2024-10-16 21:49:20,453 - DEBUG - Login process initiated for username: sur
2024-10-16 21:49:20,453 - INFO - User 'sur' found in database.
2024-10-16 21:49:20,597 - DEBUG - Keypair for user 'sur' loaded from sur_keys.json.
2024-10-16 21:49:20,597 - DEBUG - Challenge generated by server: 3185
2024-10-16 21:49:21,111 - DEBUG - Challenge encrypted using user public key.
2024-10-16 21:49:21,111 - DEBUG - User 'sur' decrypting challenge.
2024-10-16 21:49:21,251 - DEBUG - Challenge decrypted by user: 3185
2024-10-16 21:49:22,279 - DEBUG - Challenge and hashed password encrypted by user 'sur'.
2024-10-16 21:49:22,280 - DEBUG - Response encrypted by user with server's public key.
2024-10-16 21:49:22,420 - DEBUG - Server decrypted the response: 70085073515673292171532423924767467965567226930343249706334409260108564965767
2024-10-16 21:49:22,421 - INFO - Login successful for user: sur
2024-10-16 21:49:22,421 - INFO - User 'sur' logged in successfully.
2024-10-16 21:49:22,421 - INFO - Exiting program.
2024-10-19 09:34:23,557 - INFO - User database created.
2024-10-19 09:34:23,557 - DEBUG - Registration process initiated for username: swap
2024-10-19 09:34:25,453 - DEBUG - Keypair for user 'swap' saved to swap_keys.json.
2024-10-19 09:34:25,453 - DEBUG - New Paillier keypair generated for user 'swap'.
2024-10-19 09:34:25,454 - DEBUG - User database saved.
2024-10-19 09:34:25,454 - INFO - User 'swap' registered successfully with hashed password and public key.
2024-10-19 09:34:25,454 - INFO - Exiting program.
2024-10-19 09:34:48,375 - DEBUG - Login process initiated for username: swap
2024-10-19 09:34:48,375 - INFO - User 'swap' found in database.
2024-10-19 09:34:48,517 - DEBUG - Keypair for user 'swap' loaded from swap_keys.json.
2024-10-19 09:34:48,517 - DEBUG - Challenge generated by server: 2854
2024-10-19 09:34:49,023 - DEBUG - Challenge encrypted using user public key.
2024-10-19 09:34:49,023 - DEBUG - User 'swap' decrypting challenge.
2024-10-19 09:34:49,163 - DEBUG - Challenge decrypted by user: 2854
2024-10-19 09:34:50,183 - DEBUG - Challenge and hashed password encrypted by user 'swap'.
2024-10-19 09:34:50,184 - DEBUG - Response encrypted by user with server's public key.
2024-10-19 09:34:50,323 - DEBUG - Server decrypted the response: 63183882683118731158998011453284076468335966576048951949743124536273742462778
2024-10-19 09:34:50,323 - INFO - Login successful for user: swap
2024-10-19 09:34:50,323 - INFO - User 'swap' logged in successfully.
2024-10-19 09:34:50,323 - INFO - Exiting program.
2024-10-19 10:59:18,527 - DEBUG - Registration process initiated for username: test
2024-10-19 10:59:20,312 - DEBUG - Keypair for user 'test' saved to test_keys.json.
2024-10-19 10:59:20,312 - DEBUG - New Paillier keypair generated for user 'test'.
2024-10-19 10:59:20,312 - DEBUG - User database saved.
2024-10-19 10:59:20,312 - INFO - User 'test' registered successfully with hashed password and public key.
2024-10-19 10:59:20,312 - INFO - Exiting program.
2024-10-19 10:59:54,899 - DEBUG - Login process initiated for username: test
2024-10-19 10:59:54,899 - INFO - User 'test' found in database.
2024-10-19 10:59:54,955 - DEBUG - Keypair for user 'test' loaded from test_keys.json.
2024-10-19 10:59:54,955 - DEBUG - Challenge generated by server: 5274
2024-10-19 10:59:55,169 - DEBUG - Challenge encrypted using user public key.
2024-10-19 10:59:55,169 - DEBUG - User 'test' decrypting challenge.
2024-10-19 10:59:55,230 - DEBUG - Challenge decrypted by user: 5274
2024-10-19 10:59:55,693 - DEBUG - Challenge and hashed password encrypted by user 'test'.
2024-10-19 10:59:55,693 - DEBUG - Response encrypted by user with server's public key.
2024-10-19 10:59:55,754 - DEBUG - Server decrypted the response: 46094029982424917487620137181085932526618458888342690188467939660887037791327
2024-10-19 10:59:55,754 - INFO - Login successful for user: test
2024-10-19 10:59:55,754 - INFO - User 'test' logged in successfully.
2024-10-19 10:59:55,754 - INFO - Exiting program.
2024-10-29 10:09:21,773 - DEBUG - Registration process initiated for username: hello
2024-10-29 10:09:26,209 - DEBUG - Keypair for user 'hello' saved to hello_keys.json.
2024-10-29 10:09:26,209 - DEBUG - New Paillier keypair generated for user 'hello'.
2024-10-29 10:09:26,210 - DEBUG - User database saved.
2024-10-29 10:09:26,210 - INFO - User 'hello' registered successfully with hashed password and public key.
2024-10-29 10:09:26,210 - INFO - Exiting program.
2024-10-29 10:09:48,639 - DEBUG - Login process initiated for username: hello
2024-10-29 10:09:48,639 - INFO - User 'hello' found in database.
2024-10-29 10:09:48,783 - DEBUG - Keypair for user 'hello' loaded from hello_keys.json.
2024-10-29 10:09:48,783 - DEBUG - Challenge generated by server: 1617
2024-10-29 10:09:49,295 - DEBUG - Challenge encrypted using user public key.
2024-10-29 10:09:49,295 - DEBUG - User 'hello' decrypting challenge.
2024-10-29 10:09:49,447 - DEBUG - Challenge decrypted by user: 1617
2024-10-29 10:09:50,498 - DEBUG - Challenge and hashed password encrypted by user 'hello'.
2024-10-29 10:09:50,498 - DEBUG - Response encrypted by user with server's public key.
2024-10-29 10:09:50,638 - DEBUG - Server decrypted the response: 75263518707598184987916378021939673586055614731957507592904438851787542397236
2024-10-29 10:09:50,638 - INFO - Login successful for user: hello
2024-10-29 10:09:50,638 - INFO - User 'hello' logged in successfully.
2024-10-29 10:09:50,638 - INFO - Exiting program.
2024-10-29 10:11:22,175 - DEBUG - Registration process initiated for username: vikas
2024-10-29 10:11:26,498 - DEBUG - Keypair for user 'vikas' saved to vikas_keys.json.
2024-10-29 10:11:26,498 - DEBUG - New Paillier keypair generated for user 'vikas'.
2024-10-29 10:11:26,499 - DEBUG - User database saved.
2024-10-29 10:11:26,499 - INFO - User 'vikas' registered successfully with hashed password and public key.
2024-10-29 10:11:26,499 - INFO - Exiting program.
2024-10-29 10:11:27,513 - DEBUG - Registration process initiated for username: vikas
2024-10-29 10:11:27,513 - ERROR - Registration failed: Username 'vikas' is already taken.
2024-10-29 10:11:27,514 - INFO - Exiting program.
2024-10-29 10:11:48,538 - DEBUG - Login process initiated for username: vikas
2024-10-29 10:11:48,538 - INFO - User 'vikas' found in database.
2024-10-29 10:11:48,685 - DEBUG - Keypair for user 'vikas' loaded from vikas_keys.json.
2024-10-29 10:11:48,685 - DEBUG - Challenge generated by server: 2036
2024-10-29 10:11:49,210 - DEBUG - Challenge encrypted using user public key.
2024-10-29 10:11:49,210 - DEBUG - User 'vikas' decrypting challenge.
2024-10-29 10:11:49,353 - DEBUG - Challenge decrypted by user: 2036
2024-10-29 10:11:50,394 - DEBUG - Challenge and hashed password encrypted by user 'vikas'.
2024-10-29 10:11:50,394 - DEBUG - Response encrypted by user with server's public key.
2024-10-29 10:11:50,536 - DEBUG - Server decrypted the response: 75263518707598184987916378021939673586055614731957507592904438851787542397655
2024-10-29 10:11:50,536 - INFO - Login successful for user: vikas
2024-10-29 10:11:50,536 - INFO - User 'vikas' logged in successfully.
2024-10-29 10:11:50,536 - INFO - Exiting program.
2024-10-29 10:13:48,817 - DEBUG - Registration process initiated for username: vineet
2024-10-29 10:13:52,159 - DEBUG - Keypair for user 'vineet' saved to vineet_keys.json.
2024-10-29 10:13:52,159 - DEBUG - New Paillier keypair generated for user 'vineet'.
2024-10-29 10:13:52,159 - DEBUG - User database saved.
2024-10-29 10:13:52,159 - INFO - User 'vineet' registered successfully with hashed password and public key.
2024-10-29 10:13:52,159 - INFO - Exiting program.
2024-10-29 10:14:22,008 - DEBUG - Login process initiated for username: vineet
2024-10-29 10:14:22,008 - INFO - User 'vineet' found in database.
2024-10-29 10:14:22,151 - DEBUG - Keypair for user 'vineet' loaded from vineet_keys.json.
2024-10-29 10:14:22,151 - DEBUG - Challenge generated by server: 7294
2024-10-29 10:14:22,661 - DEBUG - Challenge encrypted using user public key.
2024-10-29 10:14:22,661 - DEBUG - User 'vineet' decrypting challenge.
2024-10-29 10:14:22,801 - DEBUG - Challenge decrypted by user: 7294
2024-10-29 10:14:23,812 - DEBUG - Challenge and hashed password encrypted by user 'vineet'.
2024-10-29 10:14:23,812 - DEBUG - Response encrypted by user with server's public key.
2024-10-29 10:14:23,953 - DEBUG - Server decrypted the response: 75263518707598184987916378021939673586055614731957507592904438851787542402913
2024-10-29 10:14:23,953 - INFO - Login successful for user: vineet
2024-10-29 10:14:23,953 - INFO - User 'vineet' logged in successfully.
2024-10-29 10:14:23,953 - INFO - Exiting program.
2024-10-29 10:15:26,481 - DEBUG - Registration process initiated for username: swaps
2024-10-29 10:15:32,202 - DEBUG - Keypair for user 'swaps' saved to swaps_keys.json.
2024-10-29 10:15:32,202 - DEBUG - New Paillier keypair generated for user 'swaps'.
2024-10-29 10:15:32,202 - DEBUG - User database saved.
2024-10-29 10:15:32,202 - INFO - User 'swaps' registered successfully with hashed password and public key.
2024-10-29 10:15:32,202 - INFO - Exiting program.
2024-10-29 10:15:43,961 - DEBUG - Login process initiated for username: swaps
2024-10-29 10:15:43,962 - INFO - User 'swaps' found in database.
2024-10-29 10:15:44,106 - DEBUG - Keypair for user 'swaps' loaded from swaps_keys.json.
2024-10-29 10:15:44,106 - DEBUG - Challenge generated by server: 1630
2024-10-29 10:15:44,612 - DEBUG - Challenge encrypted using user public key.
2024-10-29 10:15:44,612 - DEBUG - User 'swaps' decrypting challenge.
2024-10-29 10:15:44,754 - DEBUG - Challenge decrypted by user: 1630
2024-10-29 10:15:45,778 - DEBUG - Challenge and hashed password encrypted by user 'swaps'.
2024-10-29 10:15:45,779 - DEBUG - Response encrypted by user with server's public key.
2024-10-29 10:15:45,917 - DEBUG - Server decrypted the response: 75263518707598184987916378021939673586055614731957507592904438851787542397249
2024-10-29 10:15:45,917 - INFO - Login successful for user: swaps
2024-10-29 10:15:45,917 - INFO - User 'swaps' logged in successfully.
2024-10-29 10:15:45,917 - INFO - Exiting program.
2024-10-29 10:18:49,346 - DEBUG - Login process initiated for username: swaps
2024-10-29 10:18:49,347 - INFO - User 'swaps' found in database.
2024-10-29 10:18:49,491 - DEBUG - Keypair for user 'swaps' loaded from swaps_keys.json.
2024-10-29 10:18:49,491 - DEBUG - Challenge generated by server: 2134
2024-10-29 10:18:50,025 - DEBUG - Challenge encrypted using user public key.
2024-10-29 10:18:50,025 - DEBUG - User 'swaps' decrypting challenge.
2024-10-29 10:18:50,168 - DEBUG - Challenge decrypted by user: 2134
2024-10-29 10:18:51,190 - DEBUG - Challenge and hashed password encrypted by user 'swaps'.
2024-10-29 10:18:51,190 - DEBUG - Response encrypted by user with server's public key.
2024-10-29 10:18:51,330 - DEBUG - Server decrypted the response: 75263518707598184987916378021939673586055614731957507592904438851787542397753
2024-10-29 10:18:51,331 - INFO - Login successful for user: swaps
2024-10-29 10:18:51,331 - INFO - User 'swaps' logged in successfully.
2024-10-29 10:18:51,331 - INFO - Exiting program.
2024-10-29 10:20:39,918 - DEBUG - Registration process initiated for username: mmm
2024-10-29 10:20:42,449 - DEBUG - Keypair for user 'mmm' saved to mmm_keys.json.
2024-10-29 10:20:42,449 - DEBUG - New Paillier keypair generated for user 'mmm'.
2024-10-29 10:20:42,450 - DEBUG - User database saved.
2024-10-29 10:20:42,450 - INFO - User 'mmm' registered successfully with hashed password and public key.
2024-10-29 10:20:42,450 - INFO - Exiting program.
2024-10-29 10:26:56,026 - DEBUG - Registration process initiated for username: ppp
2024-10-29 10:26:59,012 - DEBUG - Keypair for user 'ppp' saved to ppp_keys.json.
2024-10-29 10:26:59,012 - DEBUG - New Paillier keypair generated for user 'ppp'.
2024-10-29 10:26:59,013 - DEBUG - User database saved.
2024-10-29 10:26:59,013 - INFO - User 'ppp' registered successfully with hashed password and public key.
2024-10-29 10:26:59,013 - INFO - Exiting program.
2024-10-29 10:27:14,299 - DEBUG - Login process initiated for username: ppp
2024-10-29 10:27:14,299 - INFO - User 'ppp' found in database.
2024-10-29 10:27:14,443 - DEBUG - Keypair for user 'ppp' loaded from ppp_keys.json.
2024-10-29 10:27:14,443 - DEBUG - Challenge generated by server: 1151
2024-10-29 10:27:14,956 - DEBUG - Challenge encrypted using user public key.
2024-10-29 10:27:14,957 - DEBUG - User 'ppp' decrypting challenge.
2024-10-29 10:27:15,098 - DEBUG - Challenge decrypted by user: 1151
2024-10-29 10:27:16,118 - DEBUG - Challenge and hashed password encrypted by user 'ppp'.
2024-10-29 10:27:16,119 - DEBUG - Response encrypted by user with server's public key.
2024-10-29 10:27:16,259 - DEBUG - Server decrypted the response: 1699181745436208365516304791313086370902238344837726426620670647566627636545
2024-10-29 10:27:16,259 - INFO - Login successful for user: ppp
2024-10-29 10:27:16,259 - INFO - User 'ppp' logged in successfully.
2024-10-29 10:27:16,259 - INFO - Exiting program.
2024-10-29 10:38:42,866 - DEBUG - Login process initiated for username: ppp
2024-10-29 10:38:42,867 - INFO - User 'ppp' found in database.
2024-10-29 10:38:43,011 - DEBUG - Keypair for user 'ppp' loaded from ppp_keys.json.
2024-10-29 10:38:43,011 - DEBUG - Challenge generated by server: 6228
2024-10-29 10:38:43,525 - DEBUG - Challenge encrypted using user public key.
2024-10-29 10:38:43,526 - DEBUG - User 'ppp' decrypting challenge.
2024-10-29 10:38:43,667 - DEBUG - Challenge decrypted by user: 6228
2024-10-29 10:38:44,674 - DEBUG - Challenge and hashed password encrypted by user 'ppp'.
2024-10-29 10:38:44,674 - DEBUG - Response encrypted by user with server's public key.
2024-10-29 10:38:44,813 - DEBUG - Server decrypted the response: 1699181745436208365516304791313086370902238344837726426620670647566627641622
2024-10-29 10:38:44,813 - INFO - Login successful for user: ppp
2024-10-29 10:38:44,813 - INFO - User 'ppp' logged in successfully.
2024-10-29 10:38:44,813 - INFO - Exiting program.
2024-10-29 10:42:17,360 - DEBUG - Registration process initiated for username: q2w
2024-10-29 10:42:22,967 - DEBUG - Keypair for user 'q2w' saved to q2w_keys.json.
2024-10-29 10:42:22,967 - DEBUG - New Paillier keypair generated for user 'q2w'.
2024-10-29 10:42:22,968 - DEBUG - User database saved.
2024-10-29 10:42:22,968 - INFO - User 'q2w' registered successfully with hashed password and public key.
2024-10-29 10:42:22,968 - INFO - Exiting program.
2024-10-29 10:43:51,672 - DEBUG - Login process initiated for username: ppp
2024-10-29 10:43:51,672 - INFO - User 'ppp' found in database.
2024-10-29 10:43:51,820 - DEBUG - Keypair for user 'ppp' loaded from ppp_keys.json.
2024-10-29 10:43:51,820 - DEBUG - Challenge generated by server: 7364
2024-10-29 10:43:52,334 - DEBUG - Challenge encrypted using user public key.
2024-10-29 10:43:52,334 - DEBUG - User 'ppp' decrypting challenge.
2024-10-29 10:43:52,475 - DEBUG - Challenge decrypted by user: 7364
2024-10-29 10:43:53,486 - DEBUG - Challenge and hashed password encrypted by user 'ppp'.
2024-10-29 10:43:53,487 - DEBUG - Response encrypted by user with server's public key.
2024-10-29 10:43:53,626 - DEBUG - Server decrypted the response: 1699181745436208365516304791313086370902238344837726426620670647566627642758
2024-10-29 10:43:53,626 - INFO - Login successful for user: ppp
2024-10-29 10:43:53,626 - INFO - User 'ppp' logged in successfully.
2024-10-29 10:43:53,626 - INFO - Exiting program.
2024-10-29 10:46:50,667 - DEBUG - Registration process initiated for username: popp
2024-10-29 10:46:58,188 - DEBUG - Keypair for user 'popp' saved to popp_keys.json.
2024-10-29 10:46:58,188 - DEBUG - New Paillier keypair generated for user 'popp'.
2024-10-29 10:46:58,189 - DEBUG - User database saved.
2024-10-29 10:46:58,189 - INFO - User 'popp' registered successfully with hashed password and public key.
2024-10-29 10:46:58,189 - INFO - Exiting program.
2024-10-29 10:47:09,416 - DEBUG - Login process initiated for username: ppp
2024-10-29 10:47:09,416 - INFO - User 'ppp' found in database.
2024-10-29 10:47:09,560 - DEBUG - Keypair for user 'ppp' loaded from ppp_keys.json.
2024-10-29 10:47:09,560 - DEBUG - Challenge generated by server: 6096
2024-10-29 10:47:10,074 - DEBUG - Challenge encrypted using user public key.
2024-10-29 10:47:10,074 - DEBUG - User 'ppp' decrypting challenge.
2024-10-29 10:47:10,215 - DEBUG - Challenge decrypted by user: 6096
2024-10-29 10:47:11,247 - DEBUG - Challenge and hashed password encrypted by user 'ppp'.
2024-10-29 10:47:11,247 - DEBUG - Response encrypted by user with server's public key.
2024-10-29 10:47:11,388 - DEBUG - Server decrypted the response: 1699181745436208365516304791313086370902238344837726426620670647566627641490
2024-10-29 10:47:11,388 - INFO - Login successful for user: ppp
2024-10-29 10:47:11,388 - INFO - User 'ppp' logged in successfully.
2024-10-29 10:47:11,388 - INFO - Exiting program.
2024-10-29 11:21:23,483 - DEBUG - Registration process initiated for username: mew
2024-10-29 11:21:45,315 - DEBUG - Keypair for user 'mew' saved to mew_keys.json.
2024-10-29 11:21:45,315 - DEBUG - New Paillier keypair generated for user 'mew'.
2024-10-29 11:21:45,315 - DEBUG - User database saved.
2024-10-29 11:21:45,316 - INFO - User 'mew' registered successfully with hashed password and public key.
2024-10-29 11:21:45,316 - INFO - Exiting program.
2024-10-29 11:22:09,097 - DEBUG - Login process initiated for username: ppp
2024-10-29 11:22:09,097 - INFO - User 'ppp' found in database.
2024-10-29 11:22:09,242 - DEBUG - Keypair for user 'ppp' loaded from ppp_keys.json.
2024-10-29 11:22:09,243 - DEBUG - Challenge generated by server: 4092
2024-10-29 11:22:09,756 - DEBUG - Challenge encrypted using user public key.
2024-10-29 11:22:09,757 - DEBUG - User 'ppp' decrypting challenge.
2024-10-29 11:22:09,898 - DEBUG - Challenge decrypted by user: 4092
2024-10-29 11:22:10,923 - DEBUG - Challenge and hashed password encrypted by user 'ppp'.
2024-10-29 11:22:10,924 - DEBUG - Response encrypted by user with server's public key.
2024-10-29 11:22:11,065 - DEBUG - Server decrypted the response: 1699181745436208365516304791313086370902238344837726426620670647566627639486
2024-10-29 11:22:11,065 - INFO - Login successful for user: ppp
2024-10-29 11:22:11,065 - INFO - User 'ppp' logged in successfully.
2024-10-29 11:22:11,065 - INFO - Exiting program.
2024-10-29 12:26:32,092 - INFO - User database created.
2024-10-29 12:26:32,092 - DEBUG - Registration process initiated for username: test
2024-10-29 12:26:33,197 - DEBUG - Keypair for user 'test' saved to test_keys.json.
2024-10-29 12:26:33,197 - DEBUG - New Paillier keypair generated for user 'test'.
2024-10-29 12:26:33,198 - DEBUG - User database saved.
2024-10-29 12:26:33,198 - INFO - User 'test' registered successfully with hashed password and public key.
2024-10-29 12:26:33,198 - INFO - Exiting program.
2024-10-29 12:27:03,272 - DEBUG - Login process initiated for username: test
2024-10-29 12:27:03,273 - INFO - User 'test' found in database.
2024-10-29 12:27:03,422 - DEBUG - Keypair for user 'test' loaded from test_keys.json.
2024-10-29 12:27:03,423 - DEBUG - Challenge generated by server: 3660
2024-10-29 12:27:03,949 - DEBUG - Challenge encrypted using user public key.
2024-10-29 12:27:03,949 - DEBUG - User 'test' decrypting challenge.
2024-10-29 12:27:04,089 - DEBUG - Challenge decrypted by user: 3660
2024-10-29 12:27:05,131 - DEBUG - Challenge and hashed password encrypted by user 'test'.
2024-10-29 12:27:05,131 - DEBUG - Response encrypted by user with server's public key.
2024-10-29 12:27:05,272 - DEBUG - Server decrypted the response: 60671657578118846209912073426673429683612588179792282944114266182754603339953
2024-10-29 12:27:05,272 - INFO - Login successful for user: test
2024-10-29 12:27:05,272 - INFO - User 'test' logged in successfully.
2024-10-29 12:27:05,272 - INFO - Exiting program.
2024-10-29 15:06:44,645 - DEBUG - Login process initiated for username: ppp
2024-10-29 15:06:44,646 - ERROR - User 'ppp' not found in database.
2024-10-29 15:06:44,646 - INFO - Exiting program.
2024-10-29 15:08:19,977 - DEBUG - Login process initiated for username: test
2024-10-29 15:08:19,977 - INFO - User 'test' found in database.
2024-10-29 15:08:20,036 - DEBUG - Keypair for user 'test' loaded from test_keys.json.
2024-10-29 15:08:20,037 - DEBUG - Challenge generated by server: 1631
2024-10-29 15:08:20,240 - DEBUG - Challenge encrypted using user public key.
2024-10-29 15:08:20,240 - DEBUG - User 'test' decrypting challenge.
2024-10-29 15:08:20,297 - DEBUG - Challenge decrypted by user: 1631
2024-10-29 15:08:20,729 - DEBUG - Challenge and hashed password encrypted by user 'test'.
2024-10-29 15:08:20,729 - DEBUG - Response encrypted by user with server's public key.
2024-10-29 15:08:20,789 - DEBUG - Server decrypted the response: 60671657578118846209912073426673429683612588179792282944114266182754603337924
2024-10-29 15:08:20,789 - INFO - Login successful for user: test
2024-10-29 15:08:20,789 - INFO - User 'test' logged in successfully.
2024-10-29 15:08:20,789 - INFO - Exiting program.
2024-10-29 15:09:05,162 - DEBUG - Login process initiated for username: tess
2024-10-29 15:09:05,163 - ERROR - User 'tess' not found in database.
2024-10-29 15:09:05,163 - INFO - Exiting program.
2024-10-29 15:12:06,830 - DEBUG - Login process initiated for username: 123
2024-10-29 15:12:06,830 - ERROR - User '123' not found in database.
2024-10-29 15:12:06,830 - INFO - Exiting program.
2024-10-29 15:13:54,454 - DEBUG - Login process initiated for username: 123
2024-10-29 15:13:54,454 - ERROR - User '123' not found in database.
2024-10-29 15:13:54,454 - INFO - Exiting program.
2024-10-29 15:14:15,749 - DEBUG - Login process initiated for username: test
2024-10-29 15:14:15,750 - INFO - User 'test' found in database.
2024-10-29 15:14:15,805 - DEBUG - Keypair for user 'test' loaded from test_keys.json.
2024-10-29 15:14:15,805 - DEBUG - Challenge generated by server: 6122
2024-10-29 15:14:16,003 - DEBUG - Challenge encrypted using user public key.
2024-10-29 15:14:16,003 - DEBUG - User 'test' decrypting challenge.
2024-10-29 15:14:16,058 - DEBUG - Challenge decrypted by user: 6122
2024-10-29 15:14:16,453 - DEBUG - Challenge and hashed password encrypted by user 'test'.
2024-10-29 15:14:16,453 - DEBUG - Response encrypted by user with server's public key.
2024-10-29 15:14:16,507 - DEBUG - Server decrypted the response: 60671657578118846209912073426673429683612588179792282944114266182754603342415
2024-10-29 15:14:16,507 - INFO - Login successful for user: test
2024-10-29 15:14:16,507 - INFO - User 'test' logged in successfully.
2024-10-29 15:14:16,508 - INFO - Exiting program.
2024-10-29 15:14:25,665 - DEBUG - Login process initiated for username: test
2024-10-29 15:14:25,665 - INFO - User 'test' found in database.
2024-10-29 15:14:25,722 - DEBUG - Keypair for user 'test' loaded from test_keys.json.
2024-10-29 15:14:25,722 - DEBUG - Challenge generated by server: 1498
2024-10-29 15:14:25,928 - DEBUG - Challenge encrypted using user public key.
2024-10-29 15:14:25,928 - DEBUG - User 'test' decrypting challenge.
2024-10-29 15:14:25,983 - DEBUG - Challenge decrypted by user: 1498
2024-10-29 15:14:26,375 - DEBUG - Challenge and hashed password encrypted by user 'test'.
2024-10-29 15:14:26,375 - DEBUG - Response encrypted by user with server's public key.
2024-10-29 15:14:26,430 - DEBUG - Server decrypted the response: 60671657578118846209912073426673429683612588179792282944114266182754603337791
2024-10-29 15:14:26,430 - INFO - Login successful for user: test
2024-10-29 15:14:26,430 - INFO - User 'test' logged in successfully.
2024-10-29 15:14:26,430 - INFO - Exiting program.
2024-10-29 15:14:28,062 - DEBUG - Login process initiated for username: test
2024-10-29 15:14:28,062 - INFO - User 'test' found in database.
2024-10-29 15:14:28,117 - DEBUG - Keypair for user 'test' loaded from test_keys.json.
2024-10-29 15:14:28,117 - DEBUG - Challenge generated by server: 4542
2024-10-29 15:14:28,316 - DEBUG - Challenge encrypted using user public key.
2024-10-29 15:14:28,316 - DEBUG - User 'test' decrypting challenge.
2024-10-29 15:14:28,370 - DEBUG - Challenge decrypted by user: 4542
2024-10-29 15:14:28,767 - DEBUG - Challenge and hashed password encrypted by user 'test'.
2024-10-29 15:14:28,768 - DEBUG - Response encrypted by user with server's public key.
2024-10-29 15:14:28,823 - DEBUG - Server decrypted the response: 60671657578118846209912073426673429683612588179792282944114266182754603340835
2024-10-29 15:14:28,823 - INFO - Login successful for user: test
2024-10-29 15:14:28,823 - INFO - User 'test' logged in successfully.
2024-10-29 15:14:28,823 - INFO - Exiting program.
2024-10-29 15:14:34,609 - DEBUG - Login process initiated for username: test
2024-10-29 15:14:34,609 - INFO - User 'test' found in database.
2024-10-29 15:14:34,665 - DEBUG - Keypair for user 'test' loaded from test_keys.json.
2024-10-29 15:14:34,665 - DEBUG - Challenge generated by server: 8834
2024-10-29 15:14:34,863 - DEBUG - Challenge encrypted using user public key.
2024-10-29 15:14:34,863 - DEBUG - User 'test' decrypting challenge.
2024-10-29 15:14:34,931 - DEBUG - Challenge decrypted by user: 8834
2024-10-29 15:14:35,339 - DEBUG - Challenge and hashed password encrypted by user 'test'.
2024-10-29 15:14:35,340 - DEBUG - Response encrypted by user with server's public key.
2024-10-29 15:14:35,394 - DEBUG - Server decrypted the response: 60671657578118846209912073426673429683612588179792282944114266182754603345127
2024-10-29 15:14:35,394 - INFO - Login successful for user: test
2024-10-29 15:14:35,394 - INFO - User 'test' logged in successfully.
2024-10-29 15:14:35,394 - INFO - Exiting program.
2024-10-29 15:19:17,994 - DEBUG - Login process initiated for username: test
2024-10-29 15:19:17,994 - INFO - User 'test' found in database.
2024-10-29 15:19:18,136 - DEBUG - Keypair for user 'test' loaded from test_keys.json.
2024-10-29 15:19:18,137 - DEBUG - Challenge generated by server: 9459
2024-10-29 15:19:18,649 - DEBUG - Challenge encrypted using user public key.
2024-10-29 15:19:18,649 - DEBUG - User 'test' decrypting challenge.
2024-10-29 15:19:18,785 - DEBUG - Challenge decrypted by user: 9459
2024-10-29 15:19:19,416 - DEBUG - Challenge and hashed password encrypted by user 'test'.
2024-10-29 15:19:19,416 - DEBUG - Response encrypted by user with server's public key.
2024-10-29 15:19:19,502 - DEBUG - Server decrypted the response: 60671657578118846209912073426673429683612588179792282944114266182754603345752
2024-10-29 15:19:19,502 - INFO - Login successful for user: test
2024-10-29 15:19:19,502 - INFO - User 'test' logged in successfully.
2024-10-29 15:19:19,502 - INFO - Exiting program.
2024-10-29 15:21:38,713 - DEBUG - Login process initiated for username: test
2024-10-29 15:21:38,713 - INFO - User 'test' found in database.
2024-10-29 15:21:38,770 - DEBUG - Keypair for user 'test' loaded from test_keys.json.
2024-10-29 15:21:38,770 - DEBUG - Challenge generated by server: 554
2024-10-29 15:21:38,970 - DEBUG - Challenge encrypted using user public key.
2024-10-29 15:21:38,971 - DEBUG - User 'test' decrypting challenge.
2024-10-29 15:21:39,025 - DEBUG - Challenge decrypted by user: 554
2024-10-29 15:21:39,475 - DEBUG - Challenge and hashed password encrypted by user 'test'.
2024-10-29 15:21:39,476 - DEBUG - Response encrypted by user with server's public key.
2024-10-29 15:21:39,536 - DEBUG - Server decrypted the response: 60671657578118846209912073426673429683612588179792282944114266182754603336847
2024-10-29 15:21:39,536 - INFO - Login successful for user: test
2024-10-29 15:21:39,536 - INFO - User 'test' logged in successfully.
2024-10-29 15:21:39,536 - INFO - Exiting program.
2024-10-29 15:21:49,012 - DEBUG - Login process initiated for username: test
2024-10-29 15:21:49,013 - INFO - User 'test' found in database.
2024-10-29 15:21:49,156 - DEBUG - Keypair for user 'test' loaded from test_keys.json.
2024-10-29 15:21:49,156 - DEBUG - Challenge generated by server: 9578
2024-10-29 15:21:49,669 - DEBUG - Challenge encrypted using user public key.
2024-10-29 15:21:49,669 - DEBUG - User 'test' decrypting challenge.
2024-10-29 15:21:49,809 - DEBUG - Challenge decrypted by user: 9578
2024-10-29 15:21:50,784 - DEBUG - Challenge and hashed password encrypted by user 'test'.
2024-10-29 15:21:50,784 - DEBUG - Response encrypted by user with server's public key.
2024-10-29 15:21:50,841 - DEBUG - Server decrypted the response: 60671657578118846209912073426673429683612588179792282944114266182754603345871
2024-10-29 15:21:50,841 - INFO - Login successful for user: test
2024-10-29 15:21:50,841 - INFO - User 'test' logged in successfully.
2024-10-29 15:21:50,841 - INFO - Exiting program.
2024-10-29 15:22:08,932 - DEBUG - Login process initiated for username: test
2024-10-29 15:22:08,933 - INFO - User 'test' found in database.
2024-10-29 15:22:08,988 - DEBUG - Keypair for user 'test' loaded from test_keys.json.
2024-10-29 15:22:08,988 - DEBUG - Challenge generated by server: 7618
2024-10-29 15:22:09,210 - DEBUG - Challenge encrypted using user public key.
2024-10-29 15:22:09,210 - DEBUG - User 'test' decrypting challenge.
2024-10-29 15:22:09,269 - DEBUG - Challenge decrypted by user: 7618
2024-10-29 15:22:09,706 - DEBUG - Challenge and hashed password encrypted by user 'test'.
2024-10-29 15:22:09,706 - DEBUG - Response encrypted by user with server's public key.
2024-10-29 15:22:09,767 - DEBUG - Server decrypted the response: 60671657578118846209912073426673429683612588179792282944114266182754603343911
2024-10-29 15:22:09,767 - INFO - Login successful for user: test
2024-10-29 15:22:09,767 - INFO - User 'test' logged in successfully.
2024-10-29 15:22:09,767 - INFO - Exiting program.
2024-10-29 15:22:49,032 - DEBUG - Login process initiated for username: test
2024-10-29 15:22:49,032 - INFO - User 'test' found in database.
2024-10-29 15:22:49,175 - DEBUG - Keypair for user 'test' loaded from test_keys.json.
2024-10-29 15:22:49,175 - DEBUG - Challenge generated by server: 5332
2024-10-29 15:22:49,687 - DEBUG - Challenge encrypted using user public key.
2024-10-29 15:22:49,688 - DEBUG - User 'test' decrypting challenge.
2024-10-29 15:22:49,828 - DEBUG - Challenge decrypted by user: 5332
2024-10-29 15:22:50,278 - DEBUG - Challenge and hashed password encrypted by user 'test'.
2024-10-29 15:22:50,279 - DEBUG - Response encrypted by user with server's public key.
2024-10-29 15:22:50,340 - DEBUG - Server decrypted the response: 60671657578118846209912073426673429683612588179792282944114266182754603341625
2024-10-29 15:22:50,340 - INFO - Login successful for user: test
2024-10-29 15:22:50,340 - INFO - User 'test' logged in successfully.
2024-10-29 15:22:50,340 - INFO - Exiting program.
2024-10-29 15:22:51,980 - DEBUG - Login process initiated for username: test
2024-10-29 15:22:51,980 - INFO - User 'test' found in database.
2024-10-29 15:22:52,046 - DEBUG - Keypair for user 'test' loaded from test_keys.json.
2024-10-29 15:22:52,046 - DEBUG - Challenge generated by server: 6371
2024-10-29 15:22:52,284 - DEBUG - Challenge encrypted using user public key.
2024-10-29 15:22:52,284 - DEBUG - User 'test' decrypting challenge.
2024-10-29 15:22:52,346 - DEBUG - Challenge decrypted by user: 6371
2024-10-29 15:22:52,810 - DEBUG - Challenge and hashed password encrypted by user 'test'.
2024-10-29 15:22:52,810 - DEBUG - Response encrypted by user with server's public key.
2024-10-29 15:22:52,887 - DEBUG - Server decrypted the response: 60671657578118846209912073426673429683612588179792282944114266182754603342664
2024-10-29 15:22:52,887 - INFO - Login successful for user: test
2024-10-29 15:22:52,887 - INFO - User 'test' logged in successfully.
2024-10-29 15:22:52,887 - INFO - Exiting program.
2024-10-29 15:23:20,613 - DEBUG - Login process initiated for username: test
2024-10-29 15:23:20,613 - INFO - User 'test' found in database.
2024-10-29 15:23:20,670 - DEBUG - Keypair for user 'test' loaded from test_keys.json.
2024-10-29 15:23:20,670 - DEBUG - Challenge generated by server: 3706
2024-10-29 15:23:20,882 - DEBUG - Challenge encrypted using user public key.
2024-10-29 15:23:20,882 - DEBUG - User 'test' decrypting challenge.
2024-10-29 15:23:20,937 - DEBUG - Challenge decrypted by user: 3706
2024-10-29 15:23:21,335 - DEBUG - Challenge and hashed password encrypted by user 'test'.
2024-10-29 15:23:21,335 - DEBUG - Response encrypted by user with server's public key.
2024-10-29 15:23:21,390 - DEBUG - Server decrypted the response: 60671657578118846209912073426673429683612588179792282944114266182754603339999
2024-10-29 15:23:21,390 - INFO - Login successful for user: test
2024-10-29 15:23:21,390 - INFO - User 'test' logged in successfully.
2024-10-29 15:23:21,390 - INFO - Exiting program.
2024-10-29 15:23:32,911 - DEBUG - Login process initiated for username: 324
2024-10-29 15:23:32,911 - ERROR - User '324' not found in database.
2024-10-29 15:23:32,911 - INFO - Exiting program.
2024-10-29 15:24:13,687 - DEBUG - Login process initiated for username: test
2024-10-29 15:24:13,687 - INFO - User 'test' found in database.
2024-10-29 15:24:13,744 - DEBUG - Keypair for user 'test' loaded from test_keys.json.
2024-10-29 15:24:13,744 - DEBUG - Challenge generated by server: 9528
2024-10-29 15:24:13,950 - DEBUG - Challenge encrypted using user public key.
2024-10-29 15:24:13,950 - DEBUG - User 'test' decrypting challenge.
2024-10-29 15:24:14,006 - DEBUG - Challenge decrypted by user: 9528
2024-10-29 15:24:14,449 - DEBUG - Challenge and hashed password encrypted by user 'test'.
2024-10-29 15:24:14,450 - DEBUG - Response encrypted by user with server's public key.
2024-10-29 15:24:14,515 - DEBUG - Server decrypted the response: 78883675546920144995365582941816822610001197552834368409449984914906229264850
2024-10-29 15:24:14,516 - ERROR - Login failed for user: test
2024-10-29 15:24:14,516 - ERROR - Login failed for user 'test'. Incorrect password or challenge response.
2024-10-29 15:24:14,516 - INFO - Exiting program.
2024-10-29 15:24:37,170 - DEBUG - Login process initiated for username: test
2024-10-29 15:24:37,170 - INFO - User 'test' found in database.
2024-10-29 15:24:37,228 - DEBUG - Keypair for user 'test' loaded from test_keys.json.
2024-10-29 15:24:37,228 - DEBUG - Challenge generated by server: 5616
2024-10-29 15:24:37,438 - DEBUG - Challenge encrypted using user public key.
2024-10-29 15:24:37,438 - DEBUG - User 'test' decrypting challenge.
2024-10-29 15:24:37,495 - DEBUG - Challenge decrypted by user: 5616
2024-10-29 15:24:37,894 - DEBUG - Challenge and hashed password encrypted by user 'test'.
2024-10-29 15:24:37,894 - DEBUG - Response encrypted by user with server's public key.
2024-10-29 15:24:37,949 - DEBUG - Server decrypted the response: 75263518707598184987916378021939673586055614731957507592904438851787542401235
2024-10-29 15:24:37,949 - ERROR - Login failed for user: test
2024-10-29 15:24:37,949 - ERROR - Login failed for user 'test'. Incorrect password or challenge response.
2024-10-29 15:24:37,949 - INFO - Exiting program.
2024-10-29 15:26:26,987 - DEBUG - Login process initiated for username: wwe
2024-10-29 15:26:26,987 - ERROR - User 'wwe' not found in database.
2024-10-29 15:26:26,987 - INFO - Exiting program.
2024-10-29 15:26:43,146 - DEBUG - Login process initiated for username: test
2024-10-29 15:26:43,147 - INFO - User 'test' found in database.
2024-10-29 15:26:43,202 - DEBUG - Keypair for user 'test' loaded from test_keys.json.
2024-10-29 15:26:43,203 - DEBUG - Challenge generated by server: 4358
2024-10-29 15:26:43,403 - DEBUG - Challenge encrypted using user public key.
2024-10-29 15:26:43,403 - DEBUG - User 'test' decrypting challenge.
2024-10-29 15:26:43,458 - DEBUG - Challenge decrypted by user: 4358
2024-10-29 15:26:43,854 - DEBUG - Challenge and hashed password encrypted by user 'test'.
2024-10-29 15:26:43,854 - DEBUG - Response encrypted by user with server's public key.
2024-10-29 15:26:43,909 - DEBUG - Server decrypted the response: 60671657578118846209912073426673429683612588179792282944114266182754603340651
2024-10-29 15:26:43,909 - INFO - Login successful for user: test
2024-10-29 15:26:43,909 - INFO - User 'test' logged in successfully.
2024-10-29 15:26:43,909 - INFO - Exiting program.
2024-10-29 15:27:25,607 - DEBUG - Registration process initiated for username: udita
2024-10-29 15:27:26,151 - DEBUG - Keypair for user 'udita' saved to udita_keys.json.
2024-10-29 15:27:26,151 - DEBUG - New Paillier keypair generated for user 'udita'.
2024-10-29 15:27:26,152 - DEBUG - User database saved.
2024-10-29 15:27:26,152 - INFO - User 'udita' registered successfully with hashed password and public key.
2024-10-29 15:27:26,152 - INFO - Exiting program.
2024-10-29 15:27:38,621 - DEBUG - Login process initiated for username: udita
2024-10-29 15:27:38,622 - INFO - User 'udita' found in database.
2024-10-29 15:27:38,688 - DEBUG - Keypair for user 'udita' loaded from udita_keys.json.
2024-10-29 15:27:38,688 - DEBUG - Challenge generated by server: 6268
2024-10-29 15:27:38,925 - DEBUG - Challenge encrypted using user public key.
2024-10-29 15:27:38,925 - DEBUG - User 'udita' decrypting challenge.
2024-10-29 15:27:38,989 - DEBUG - Challenge decrypted by user: 6268
2024-10-29 15:27:39,498 - DEBUG - Challenge and hashed password encrypted by user 'udita'.
2024-10-29 15:27:39,498 - DEBUG - Response encrypted by user with server's public key.
2024-10-29 15:27:39,567 - DEBUG - Server decrypted the response: 48670370121753891673225403685804443839227015895403365253499261211445847766397
2024-10-29 15:27:39,567 - INFO - Login successful for user: udita
2024-10-29 15:27:39,567 - INFO - User 'udita' logged in successfully.
2024-10-29 15:27:39,567 - INFO - Exiting program.
2024-10-29 15:27:55,275 - DEBUG - Login process initiated for username: udita
2024-10-29 15:27:55,275 - INFO - User 'udita' found in database.
2024-10-29 15:27:55,350 - DEBUG - Keypair for user 'udita' loaded from udita_keys.json.
2024-10-29 15:27:55,350 - DEBUG - Challenge generated by server: 3747
2024-10-29 15:27:55,593 - DEBUG - Challenge encrypted using user public key.
2024-10-29 15:27:55,593 - DEBUG - User 'udita' decrypting challenge.
2024-10-29 15:27:55,657 - DEBUG - Challenge decrypted by user: 3747
2024-10-29 15:27:56,111 - DEBUG - Challenge and hashed password encrypted by user 'udita'.
2024-10-29 15:27:56,111 - DEBUG - Response encrypted by user with server's public key.
2024-10-29 15:27:56,174 - DEBUG - Server decrypted the response: 75426992552013124651031612182808898702463509356192270649023453482341569641929
2024-10-29 15:27:56,174 - ERROR - Login failed for user: udita
2024-10-29 15:27:56,174 - ERROR - Login failed for user 'udita'. Incorrect password or challenge response.
2024-10-29 15:27:56,174 - INFO - Exiting program.
2024-11-16 09:56:07,220 - DEBUG - Registration process initiated for username: swapnil
2024-11-16 09:56:08,927 - DEBUG - Keypair for user 'swapnil' saved to swapnil_keys.json.
2024-11-16 09:56:08,927 - DEBUG - New Paillier keypair generated for user 'swapnil'.
2024-11-16 09:56:08,927 - DEBUG - User database saved.
2024-11-16 09:56:08,927 - INFO - User 'swapnil' registered successfully with hashed password and public key.
2024-11-16 09:56:08,927 - INFO - Exiting program.
2024-11-16 09:56:32,102 - DEBUG - Login process initiated for username: swapnil
2024-11-16 09:56:32,102 - INFO - User 'swapnil' found in database.
2024-11-16 09:56:32,159 - DEBUG - Keypair for user 'swapnil' loaded from swapnil_keys.json.
2024-11-16 09:56:32,159 - DEBUG - Challenge generated by server: 2950
2024-11-16 09:56:32,367 - DEBUG - Challenge encrypted using user public key.
2024-11-16 09:56:32,367 - DEBUG - User 'swapnil' decrypting challenge.
2024-11-16 09:56:32,422 - DEBUG - Challenge decrypted by user: 2950
2024-11-16 09:56:32,834 - DEBUG - Challenge and hashed password encrypted by user 'swapnil'.
2024-11-16 09:56:32,834 - DEBUG - Response encrypted by user with server's public key.
2024-11-16 09:56:32,888 - DEBUG - Server decrypted the response: 111316358345709405166176552442186213978211807491028810462011585606708241689665
2024-11-16 09:56:32,888 - INFO - Login successful for user: swapnil
2024-11-16 09:56:32,888 - INFO - User 'swapnil' logged in successfully.
2024-11-16 09:56:32,888 - INFO - Exiting program.
2024-11-16 10:48:01,474 - DEBUG - Registration process initiated for username: test1
2024-11-16 10:48:03,821 - DEBUG - Keypair for user 'test1' saved to test1_keys.json.
2024-11-16 10:48:03,821 - DEBUG - New Paillier keypair generated for user 'test1'.
2024-11-16 10:48:03,821 - DEBUG - User database saved.
2024-11-16 10:48:03,821 - INFO - User 'test1' registered successfully with hashed password and public key.
2024-11-16 10:48:03,821 - INFO - Exiting program.
2024-11-16 10:48:56,391 - DEBUG - Login process initiated for username: test1
2024-11-16 10:48:56,391 - INFO - User 'test1' found in database.
2024-11-16 10:48:56,450 - DEBUG - Keypair for user 'test1' loaded from test1_keys.json.
2024-11-16 10:48:56,450 - DEBUG - Challenge generated by server: 5269
2024-11-16 10:48:56,661 - DEBUG - Challenge encrypted using user public key.
2024-11-16 10:48:56,661 - DEBUG - User 'test1' decrypting challenge.
2024-11-16 10:48:56,720 - DEBUG - Challenge decrypted by user: 5269
2024-11-16 10:48:57,146 - DEBUG - Challenge and hashed password encrypted by user 'test1'.
2024-11-16 10:48:57,146 - DEBUG - Response encrypted by user with server's public key.
2024-11-16 10:48:57,204 - DEBUG - Server decrypted the response: 69817675024153207259616781889167647299566347642427715748906957592824874156336
2024-11-16 10:48:57,204 - INFO - Login successful for user: test1
2024-11-16 10:48:57,204 - INFO - User 'test1' logged in successfully.
2024-11-16 10:48:57,204 - INFO - Exiting program.
2025-02-17 00:50:58,270 - DEBUG - Registration process initiated for username: swap
2025-02-17 00:51:05,102 - DEBUG - Keypair for user 'swap' saved to swap_keys.json.
2025-02-17 00:51:05,102 - DEBUG - New Paillier keypair generated for user 'swap'.
2025-02-17 00:51:05,103 - DEBUG - User database saved.
2025-02-17 00:51:05,103 - INFO - User 'swap' registered successfully with hashed password and public key.
2025-02-17 00:51:05,103 - INFO - Exiting program.
2025-02-17 00:51:23,275 - DEBUG - Login process initiated for username: swap
2025-02-17 00:51:23,275 - INFO - User 'swap' found in database.
2025-02-17 00:51:23,334 - DEBUG - Keypair for user 'swap' loaded from swap_keys.json.
2025-02-17 00:51:23,334 - DEBUG - Challenge generated by server: 2951
2025-02-17 00:51:23,577 - DEBUG - Challenge encrypted using user public key.
2025-02-17 00:51:23,577 - DEBUG - User 'swap' decrypting challenge.
2025-02-17 00:51:23,640 - DEBUG - Challenge decrypted by user: 2951
2025-02-17 00:51:24,118 - DEBUG - Challenge and hashed password encrypted by user 'swap'.
2025-02-17 00:51:24,118 - DEBUG - Response encrypted by user with server's public key.
2025-02-17 00:51:24,182 - DEBUG - Server decrypted the response: 89332477858467577720127883734944947083729443317114538286686444854474158912963
2025-02-17 00:51:24,182 - INFO - Login successful for user: swap
2025-02-17 00:51:24,182 - INFO - User 'swap' logged in successfully.
2025-02-17 00:51:24,182 - INFO - Exiting program.
